<?xml version="1.0" encoding="UTF-8"?>
<testng-results total="1" passed="1" failed="0" skipped="0">
  <reporter-output>
  </reporter-output>
  <suite started-at="2022-08-07T18:11:53Z" name="Suite" finished-at="2022-08-07T18:12:15Z" duration-ms="22404">
    <groups>
    </groups>
    <test started-at="2022-08-07T18:11:53Z" name="Test" finished-at="2022-08-07T18:12:15Z" duration-ms="22404">
      <class name="com.todos.tests.AddToDOTest">
        <test-method is-config="true" signature="setupTest(java.lang.String)[pri:0, instance:com.todos.tests.AddToDOTest@3e6f3f28]" started-at="2022-08-07T20:11:53Z" name="setupTest" finished-at="2022-08-07T20:12:11Z" duration-ms="18639" status="PASS">
          <params>
            <param index="0">
              <value>
                <![CDATA[chrome]]>
              </value>
            </param>
          </params>
          <reporter-output>
          </reporter-output>
        </test-method> <!-- setupTest -->
        <test-method signature="iCanAddTodo()[pri:0, instance:com.todos.tests.AddToDOTest@3e6f3f28]" started-at="2022-08-07T20:12:11Z" name="iCanAddTodo" finished-at="2022-08-07T20:12:14Z" duration-ms="2709" status="PASS">
          <reporter-output>
          </reporter-output>
        </test-method> <!-- iCanAddTodo -->
        <test-method is-config="true" signature="cleanTest()[pri:0, instance:com.todos.tests.AddToDOTest@3e6f3f28]" started-at="2022-08-07T20:12:14Z" name="cleanTest" finished-at="2022-08-07T20:12:15Z" duration-ms="1028" status="PASS">
          <reporter-output>
          </reporter-output>
        </test-method> <!-- cleanTest -->
      </class> <!-- com.todos.tests.AddToDOTest -->
    </test> <!-- Test -->
  </suite> <!-- Suite -->
</testng-results>
